RUN	RecordedSimulation	recordedsimulation	1622562572649	futures	3.5.1
USER	RecordedSimulation	START	1622562573368
REQUEST		init_5_player	1622562573390	1622562573468	OK	 
REQUEST		set_name_1	1622562574487	1622562574494	OK	 
REQUEST		set_name_2	1622562575495	1622562575498	OK	 
REQUEST		set_name_3	1622562576500	1622562576503	OK	 
REQUEST		set_name_4	1622562577504	1622562577507	OK	 
REQUEST		set_color_1	1622562578509	1622562578516	OK	 
REQUEST		set_color_2	1622562579517	1622562579520	OK	 
REQUEST		set_color_3	1622562580522	1622562580526	OK	 
REQUEST		set_color_4	1622562581529	1622562581532	OK	 
REQUEST		start_game	1622562582533	1622562582536	OK	 
REQUEST		move_mrx_65_taxi	1622562583537	1622562583563	OK	 
REQUEST		move_dt1_67_underground	1622562584564	1622562584589	OK	 
REQUEST		move_dt2_27_taxi	1622562585591	1622562585600	OK	 
REQUEST		move_dt3_55_bus	1622562586601	1622562586607	OK	 
REQUEST		move_dt4_48_taxi	1622562587609	1622562587615	OK	 
REQUEST		save	1622562589616	1622562589653	OK	 
REQUEST		load	1622562591654	1622562591742	OK	 
REQUEST		init_5_player	1622562591743	1622562591796	OK	 
REQUEST		set_name_1	1622562592797	1622562592802	OK	 
REQUEST		set_name_2	1622562593803	1622562593807	OK	 
REQUEST		set_name_3	1622562594808	1622562594813	OK	 
REQUEST		set_name_4	1622562595816	1622562595819	OK	 
REQUEST		set_color_1	1622562596823	1622562596826	OK	 
REQUEST		set_color_2	1622562597827	1622562597830	OK	 
REQUEST		set_color_3	1622562598831	1622562598833	OK	 
REQUEST		set_color_4	1622562599835	1622562599837	OK	 
REQUEST		start_game	1622562600839	1622562600841	OK	 
REQUEST		move_mrx_65_taxi	1622562601842	1622562601849	OK	 
REQUEST		move_dt1_67_underground	1622562602854	1622562602885	OK	 
REQUEST		move_dt2_27_taxi	1622562603886	1622562603892	OK	 
REQUEST		move_dt3_55_bus	1622562604893	1622562604899	OK	 
REQUEST		move_dt4_48_taxi	1622562605900	1622562605905	OK	 
REQUEST		save	1622562607906	1622562607930	OK	 
REQUEST		load	1622562609931	1622562610014	OK	 
REQUEST		init_5_player	1622562610015	1622562610046	OK	 
REQUEST		set_name_1	1622562611051	1622562611054	OK	 
REQUEST		set_name_2	1622562612056	1622562612059	OK	 
REQUEST		set_name_3	1622562613063	1622562613065	OK	 
REQUEST		set_name_4	1622562614066	1622562614070	OK	 
REQUEST		set_color_1	1622562615072	1622562615074	OK	 
REQUEST		set_color_2	1622562616076	1622562616080	OK	 
REQUEST		set_color_3	1622562617082	1622562617085	OK	 
REQUEST		set_color_4	1622562618086	1622562618089	OK	 
REQUEST		start_game	1622562619090	1622562619092	OK	 
REQUEST		move_mrx_65_taxi	1622562620096	1622562620108	OK	 
REQUEST		move_dt1_67_underground	1622562621111	1622562621115	OK	 
REQUEST		move_dt2_27_taxi	1622562622117	1622562622121	OK	 
REQUEST		move_dt3_55_bus	1622562623122	1622562623126	OK	 
REQUEST		move_dt4_48_taxi	1622562624128	1622562624132	OK	 
REQUEST		save	1622562626136	1622562626173	OK	 
REQUEST		load	1622562628175	1622562628320	OK	 
REQUEST		init_5_player	1622562628321	1622562628357	OK	 
REQUEST		set_name_1	1622562629357	1622562629360	OK	 
REQUEST		set_name_2	1622562630361	1622562630364	OK	 
REQUEST		set_name_3	1622562631365	1622562631367	OK	 
REQUEST		set_name_4	1622562632370	1622562632372	OK	 
REQUEST		set_color_1	1622562633373	1622562633376	OK	 
REQUEST		set_color_2	1622562634380	1622562634383	OK	 
REQUEST		set_color_3	1622562635385	1622562635388	OK	 
REQUEST		set_color_4	1622562636391	1622562636393	OK	 
REQUEST		start_game	1622562637395	1622562637397	OK	 
REQUEST		move_mrx_65_taxi	1622562638398	1622562638402	OK	 
REQUEST		move_dt1_67_underground	1622562639407	1622562639411	OK	 
REQUEST		move_dt2_27_taxi	1622562640412	1622562640416	OK	 
REQUEST		move_dt3_55_bus	1622562641418	1622562641421	OK	 
REQUEST		move_dt4_48_taxi	1622562642422	1622562642425	OK	 
REQUEST		save	1622562644426	1622562644439	OK	 
REQUEST		load	1622562646440	1622562646510	OK	 
REQUEST		init_5_player	1622562646510	1622562646528	OK	 
REQUEST		set_name_1	1622562647530	1622562647532	OK	 
REQUEST		set_name_2	1622562648534	1622562648536	OK	 
REQUEST		set_name_3	1622562649538	1622562649541	OK	 
REQUEST		set_name_4	1622562650543	1622562650545	OK	 
REQUEST		set_color_1	1622562651547	1622562651549	OK	 
REQUEST		set_color_2	1622562652550	1622562652552	OK	 
REQUEST		set_color_3	1622562653554	1622562653556	OK	 
REQUEST		set_color_4	1622562654557	1622562654559	OK	 
REQUEST		start_game	1622562655561	1622562655563	OK	 
REQUEST		move_mrx_65_taxi	1622562656564	1622562656567	OK	 
REQUEST		move_dt1_67_underground	1622562657571	1622562657574	OK	 
REQUEST		move_dt2_27_taxi	1622562658575	1622562658581	OK	 
REQUEST		move_dt3_55_bus	1622562659583	1622562659586	OK	 
REQUEST		move_dt4_48_taxi	1622562660587	1622562660591	OK	 
REQUEST		save	1622562662592	1622562662608	OK	 
REQUEST		load	1622562664609	1622562664676	OK	 
REQUEST		init_5_player	1622562664676	1622562664694	OK	 
REQUEST		set_name_1	1622562665696	1622562665698	OK	 
REQUEST		set_name_2	1622562666699	1622562666702	OK	 
REQUEST		set_name_3	1622562667702	1622562667704	OK	 
REQUEST		set_name_4	1622562668705	1622562668707	OK	 
REQUEST		set_color_1	1622562669709	1622562669714	OK	 
REQUEST		set_color_2	1622562670716	1622562670718	OK	 
REQUEST		set_color_3	1622562671723	1622562671726	OK	 
REQUEST		set_color_4	1622562672726	1622562672729	OK	 
REQUEST		start_game	1622562673730	1622562673732	OK	 
REQUEST		move_mrx_65_taxi	1622562674733	1622562674737	OK	 
REQUEST		move_dt1_67_underground	1622562675739	1622562675743	OK	 
REQUEST		move_dt2_27_taxi	1622562676745	1622562676748	OK	 
REQUEST		move_dt3_55_bus	1622562677749	1622562677753	OK	 
REQUEST		move_dt4_48_taxi	1622562678753	1622562678756	OK	 
REQUEST		save	1622562680757	1622562680773	OK	 
REQUEST		load	1622562682774	1622562682835	OK	 
REQUEST		init_5_player	1622562682836	1622562682855	OK	 
REQUEST		set_name_1	1622562683857	1622562683859	OK	 
REQUEST		set_name_2	1622562684861	1622562684863	OK	 
REQUEST		set_name_3	1622562685865	1622562685867	OK	 
REQUEST		set_name_4	1622562686868	1622562686870	OK	 
REQUEST		set_color_1	1622562687871	1622562687874	OK	 
REQUEST		set_color_2	1622562688875	1622562688877	OK	 
REQUEST		set_color_3	1622562689878	1622562689881	OK	 
REQUEST		set_color_4	1622562690889	1622562690891	OK	 
REQUEST		start_game	1622562691892	1622562691894	OK	 
REQUEST		move_mrx_65_taxi	1622562692895	1622562692898	OK	 
REQUEST		move_dt1_67_underground	1622562693900	1622562693903	OK	 
REQUEST		move_dt2_27_taxi	1622562694905	1622562694908	OK	 
REQUEST		move_dt3_55_bus	1622562695909	1622562695912	OK	 
REQUEST		move_dt4_48_taxi	1622562696913	1622562696917	OK	 
REQUEST		save	1622562698918	1622562698944	OK	 
REQUEST		load	1622562700945	1622562701002	OK	 
REQUEST		init_5_player	1622562701003	1622562701019	OK	 
REQUEST		set_name_1	1622562702020	1622562702022	OK	 
REQUEST		set_name_2	1622562703023	1622562703025	OK	 
REQUEST		set_name_3	1622562704026	1622562704028	OK	 
REQUEST		set_name_4	1622562705029	1622562705031	OK	 
REQUEST		set_color_1	1622562706032	1622562706034	OK	 
REQUEST		set_color_2	1622562707035	1622562707038	OK	 
REQUEST		set_color_3	1622562708040	1622562708042	OK	 
REQUEST		set_color_4	1622562709043	1622562709047	OK	 
REQUEST		start_game	1622562710049	1622562710051	OK	 
REQUEST		move_mrx_65_taxi	1622562711051	1622562711055	OK	 
REQUEST		move_dt1_67_underground	1622562712055	1622562712058	OK	 
REQUEST		move_dt2_27_taxi	1622562713059	1622562713064	OK	 
REQUEST		move_dt3_55_bus	1622562714065	1622562714069	OK	 
REQUEST		move_dt4_48_taxi	1622562715069	1622562715072	OK	 
REQUEST		save	1622562717074	1622562717092	OK	 
REQUEST		load	1622562719093	1622562719151	OK	 
REQUEST		init_5_player	1622562719151	1622562719180	OK	 
REQUEST		set_name_1	1622562720181	1622562720183	OK	 
REQUEST		set_name_2	1622562721184	1622562721187	OK	 
REQUEST		set_name_3	1622562722187	1622562722189	OK	 
REQUEST		set_name_4	1622562723191	1622562723192	OK	 
REQUEST		set_color_1	1622562724193	1622562724195	OK	 
REQUEST		set_color_2	1622562725197	1622562725199	OK	 
REQUEST		set_color_3	1622562726200	1622562726203	OK	 
REQUEST		set_color_4	1622562727204	1622562727206	OK	 
REQUEST		start_game	1622562728207	1622562728209	OK	 
REQUEST		move_mrx_65_taxi	1622562729210	1622562729214	OK	 
REQUEST		move_dt1_67_underground	1622562730218	1622562730221	OK	 
REQUEST		move_dt2_27_taxi	1622562731222	1622562731225	OK	 
REQUEST		move_dt3_55_bus	1622562732226	1622562732229	OK	 
REQUEST		move_dt4_48_taxi	1622562733231	1622562733234	OK	 
REQUEST		save	1622562735234	1622562735253	OK	 
REQUEST		load	1622562737254	1622562737298	OK	 
REQUEST		init_5_player	1622562737298	1622562737314	OK	 
REQUEST		set_name_1	1622562738315	1622562738331	OK	 
REQUEST		set_name_2	1622562739331	1622562739337	OK	 
REQUEST		set_name_3	1622562740338	1622562740340	OK	 
REQUEST		set_name_4	1622562741341	1622562741343	OK	 
REQUEST		set_color_1	1622562742343	1622562742346	OK	 
REQUEST		set_color_2	1622562743349	1622562743352	OK	 
REQUEST		set_color_3	1622562744353	1622562744355	OK	 
REQUEST		set_color_4	1622562745355	1622562745357	OK	 
REQUEST		start_game	1622562746358	1622562746365	OK	 
REQUEST		move_mrx_65_taxi	1622562747366	1622562747368	OK	 
REQUEST		move_dt1_67_underground	1622562748369	1622562748373	OK	 
REQUEST		move_dt2_27_taxi	1622562749376	1622562749382	OK	 
REQUEST		move_dt3_55_bus	1622562750382	1622562750385	OK	 
REQUEST		move_dt4_48_taxi	1622562751386	1622562751389	OK	 
REQUEST		save	1622562753390	1622562753405	OK	 
REQUEST		load	1622562755407	1622562755453	OK	 
USER	RecordedSimulation	END	1622562755455
